<?xml version="1.0" encoding="UTF-8"?>
<!-- Generated by org.testng.reporters.JUnitXMLReporter -->
<testsuite hostname="RobertC-Lap" ignored="0" name="Surefire test" tests="6" failures="0" timestamp="2021-02-06T12:57:38 EET" time="0.029" errors="0">
  <testcase name="fetchJira" time="0.003" classname="AppiumStructure.MavenJava.APITest"/>
  <testcase name="postJira" time="0.0" classname="AppiumStructure.MavenJava.APITest"/>
  <testcase name="appiumTest1" time="0.0" classname="AppiumStructure.MavenJava.AppiumTest"/>
  <testcase name="appiumTest2" time="0.0" classname="AppiumStructure.MavenJava.AppiumTest"/>
  <testcase name="elementsUI" time="0.0" classname="AppiumStructure.MavenJava.SeleniumTest"/>
  <testcase name="uiAutomation" time="0.0" classname="AppiumStructure.MavenJava.SeleniumTest"/>
</testsuite> <!-- Surefire test -->
