<?xml version="1.0" encoding="UTF-8"?>
<!-- Generated by org.testng.reporters.JUnitXMLReporter -->
<testsuite hostname="RobertC-Lap" ignored="0" name="Test" tests="2" failures="0" timestamp="2021-02-09T17:33:06 EET" time="0.698" errors="0">
  <testcase name="@BeforeMethod startAppiumServer" time="0.667" classname="framework.Setup">
    <failure type="io.appium.java_client.service.local.InvalidServerInstanceException" message="The main Appium script does not exist at &amp;apos;C:\WINDOWS\system32\config\systemprofile\AppData\Roaming\npm\node_modules\appium\build\lib\main.js&amp;apos;">
      <![CDATA[io.appium.java_client.service.local.InvalidServerInstanceException: The main Appium script does not exist at 'C:\WINDOWS\system32\config\systemprofile\AppData\Roaming\npm\node_modules\appium\build\lib\main.js'
at io.appium.java_client.service.local.AppiumServiceBuilder.findMainScript(AppiumServiceBuilder.java:157)
at io.appium.java_client.service.local.AppiumServiceBuilder.loadPathToMainScript(AppiumServiceBuilder.java:296)
at io.appium.java_client.service.local.AppiumServiceBuilder.createArgs(AppiumServiceBuilder.java:313)
at org.openqa.selenium.remote.service.DriverService$Builder.build(DriverService.java:358)
at io.appium.java_client.service.local.AppiumDriverLocalService.buildService(AppiumDriverLocalService.java:91)
at io.appium.java_client.service.local.AppiumDriverLocalService.buildDefaultService(AppiumDriverLocalService.java:87)
at framework.Setup.startAppiumServer(Setup.java:30)
at java.util.ArrayList.forEach(ArrayList.java:1257)
... Removed 35 stack frames]]>
    </failure>
  </testcase> <!-- @BeforeMethod startAppiumServer -->
  <testcase name="@BeforeMethod setup" time="-1.612884786127E9" classname="framework.Setup">
    <skipped/>
  </testcase> <!-- @BeforeMethod setup -->
  <testcase name="@AfterMethod tearDown" time="-1.612884786129E9" classname="framework.Setup">
    <skipped/>
  </testcase> <!-- @AfterMethod tearDown -->
  <testcase name="@BeforeMethod startAppiumServer" time="-1.612884786131E9" classname="framework.Setup">
    <skipped/>
  </testcase> <!-- @BeforeMethod startAppiumServer -->
  <testcase name="@BeforeMethod setup" time="-1.612884786131E9" classname="framework.Setup">
    <skipped/>
  </testcase> <!-- @BeforeMethod setup -->
  <testcase name="@AfterMethod tearDown" time="-1.612884786131E9" classname="framework.Setup">
    <skipped/>
  </testcase> <!-- @AfterMethod tearDown -->
  <testcase name="addWifiSettingPreference" time="0.0" classname="AppiumStructure.MavenJava.BasicTests">
    <skipped/>
  </testcase> <!-- addWifiSettingPreference -->
  <testcase name="openPreferencePage" time="0.0" classname="AppiumStructure.MavenJava.BasicTests">
    <skipped/>
  </testcase> <!-- openPreferencePage -->
</testsuite> <!-- Test -->
