-------------------------------------------------------------------------------
Test set: TestSuite
-------------------------------------------------------------------------------
Tests run: 8, Failures: 1, Errors: 0, Skipped: 7, Time elapsed: 2.012 s <<< FAILURE! - in TestSuite
AppiumStructure.MavenJava.BasicTests.startAppiumServer  Time elapsed: 1.461 s  <<< FAILURE!
io.appium.java_client.service.local.InvalidServerInstanceException: The main Appium script does not exist at 'C:\WINDOWS\system32\config\systemprofile\AppData\Roaming\npm\node_modules\appium\build\lib\main.js'

