<?xml version="1.0" encoding="UTF-8"?>
<testsuite xmlns:xsi="http://www.w3.org/2001/XMLSchema-instance" xsi:noNamespaceSchemaLocation="https://maven.apache.org/surefire/maven-surefire-plugin/xsd/surefire-test-report-3.0.xsd" version="3.0" name="TestSuite" time="2.012" tests="8" errors="0" skipped="7" failures="1">
  <properties>
[...]
</properties>
  <testcase name="startAppiumServer" classname="AppiumStructure.MavenJava.BasicTests" time="1.461">
    <failure message="The main Appium script does not exist at &apos;C:\WINDOWS\system32\config\systemprofile\AppData\Roaming\npm\node_modules\appium\build\lib\main.js&apos;" type="io.appium.java_client.service.local.InvalidServerInstanceException"><![CDATA[io.appium.java_client.service.local.InvalidServerInstanceException: The main Appium script does not exist at 'C:\WINDOWS\system32\config\systemprofile\AppData\Roaming\npm\node_modules\appium\build\lib\main.js'
]]></failure>
  </testcase>
  <testcase name="startAppiumServer" classname="AppiumStructure.MavenJava.BasicTests" time="0">
    <skipped/>
  </testcase>
  <testcase name="setup" classname="AppiumStructure.MavenJava.BasicTests" time="0">
    <skipped/>
  </testcase>
  <testcase name="setup" classname="AppiumStructure.MavenJava.BasicTests" time="0">
    <skipped/>
  </testcase>
  <testcase name="addWifiSettingPreference" classname="AppiumStructure.MavenJava.BasicTests" time="0">
    <skipped message="The main Appium script does not exist at &apos;C:\WINDOWS\system32\config\systemprofile\AppData\Roaming\npm\node_modules\appium\build\lib\main.js&apos;"/>
  </testcase>
  <testcase name="tearDown" classname="AppiumStructure.MavenJava.BasicTests" time="0">
    <skipped/>
  </testcase>
  <testcase name="tearDown" classname="AppiumStructure.MavenJava.BasicTests" time="0">
    <skipped/>
  </testcase>
  <testcase name="openPreferencePage" classname="AppiumStructure.MavenJava.BasicTests" time="0">
    <skipped message="The main Appium script does not exist at &apos;C:\WINDOWS\system32\config\systemprofile\AppData\Roaming\npm\node_modules\appium\build\lib\main.js&apos;"/>
  </testcase>
</testsuite>