<?xml version="1.0" encoding="UTF-8"?>
<testng-results skipped="0" failed="1" ignored="0" total="4" passed="3">
  <reporter-output>
  </reporter-output>
  <suite name="Suite" duration-ms="56386" started-at="2021-02-24T17:01:43 EET" finished-at="2021-02-24T17:02:39 EET">
    <groups>
      <group name="Smoke">
        <method signature="BasicTests.addWifiSettingPreference()[pri:0, instance:AppiumStructure.MavenJava.BasicTests@192d3247]" name="addWifiSettingPreference" class="AppiumStructure.MavenJava.BasicTests"/>
        <method signature="BasicTests.addWifiSettingPreference0()[pri:0, instance:AppiumStructure.MavenJava.BasicTests@192d3247]" name="addWifiSettingPreference0" class="AppiumStructure.MavenJava.BasicTests"/>
        <method signature="BasicTests.addWifiSettingPreference1()[pri:0, instance:AppiumStructure.MavenJava.BasicTests@192d3247]" name="addWifiSettingPreference1" class="AppiumStructure.MavenJava.BasicTests"/>
        <method signature="BasicTests.addWifiSettingPreference2()[pri:0, instance:AppiumStructure.MavenJava.BasicTests@192d3247]" name="addWifiSettingPreference2" class="AppiumStructure.MavenJava.BasicTests"/>
      </group> <!-- Smoke -->
    </groups>
    <test name="Test" duration-ms="56386" started-at="2021-02-24T17:01:43 EET" finished-at="2021-02-24T17:02:39 EET">
      <class name="AppiumStructure.MavenJava.BasicTests">
        <test-method status="PASS" signature="setupCapabilities()[pri:0, instance:AppiumStructure.MavenJava.BasicTests@192d3247]" name="setupCapabilities" is-config="true" duration-ms="1701" started-at="2021-02-24T17:01:41 EET" finished-at="2021-02-24T17:01:43 EET">
          <reporter-output>
          </reporter-output>
        </test-method> <!-- setupCapabilities -->
        <test-method status="PASS" signature="setup()[pri:0, instance:AppiumStructure.MavenJava.BasicTests@192d3247]" name="setup" is-config="true" duration-ms="11496" started-at="2021-02-24T17:01:43 EET" finished-at="2021-02-24T17:01:54 EET">
          <reporter-output>
          </reporter-output>
        </test-method> <!-- setup -->
        <test-method status="PASS" signature="addWifiSettingPreference()[pri:0, instance:AppiumStructure.MavenJava.BasicTests@192d3247]" name="addWifiSettingPreference" duration-ms="1250" started-at="2021-02-24T17:01:54 EET" finished-at="2021-02-24T17:01:55 EET">
          <reporter-output>
          </reporter-output>
        </test-method> <!-- addWifiSettingPreference -->
        <test-method status="PASS" signature="tearDown()[pri:0, instance:AppiumStructure.MavenJava.BasicTests@192d3247]" name="tearDown" is-config="true" duration-ms="1097" started-at="2021-02-24T17:01:55 EET" finished-at="2021-02-24T17:01:56 EET">
          <reporter-output>
          </reporter-output>
        </test-method> <!-- tearDown -->
        <test-method status="PASS" signature="setup()[pri:0, instance:AppiumStructure.MavenJava.BasicTests@192d3247]" name="setup" is-config="true" duration-ms="11506" started-at="2021-02-24T17:01:56 EET" finished-at="2021-02-24T17:02:08 EET">
          <reporter-output>
          </reporter-output>
        </test-method> <!-- setup -->
        <test-method status="FAIL" signature="addWifiSettingPreference0()[pri:0, instance:AppiumStructure.MavenJava.BasicTests@192d3247]" name="addWifiSettingPreference0" duration-ms="1279" started-at="2021-02-24T17:02:08 EET" finished-at="2021-02-24T17:02:09 EET">
          <exception class="java.lang.AssertionError">
            <message>
              <![CDATA[expected [true] but found [false]]]>
            </message>
            <full-stacktrace>
              <![CDATA[java.lang.AssertionError: expected [true] but found [false]
at org.testng.Assert.fail(Assert.java:99)
at org.testng.Assert.failNotEquals(Assert.java:1037)
at org.testng.Assert.assertTrue(Assert.java:45)
at org.testng.Assert.assertTrue(Assert.java:55)
at AppiumStructure.MavenJava.BasicTests.addWifiSettingPreference0(BasicTests.java:25)
at sun.reflect.NativeMethodAccessorImpl.invoke0(Native Method)
at sun.reflect.NativeMethodAccessorImpl.invoke(NativeMethodAccessorImpl.java:62)
at sun.reflect.DelegatingMethodAccessorImpl.invoke(DelegatingMethodAccessorImpl.java:43)
at java.lang.reflect.Method.invoke(Method.java:498)
at org.testng.internal.MethodInvocationHelper.invokeMethod(MethodInvocationHelper.java:132)
at org.testng.internal.TestInvoker.invokeMethod(TestInvoker.java:599)
at org.testng.internal.TestInvoker.invokeTestMethod(TestInvoker.java:174)
at org.testng.internal.MethodRunner.runInSequence(MethodRunner.java:46)
at org.testng.internal.TestInvoker$MethodInvocationAgent.invoke(TestInvoker.java:822)
at org.testng.internal.TestInvoker.invokeTestMethods(TestInvoker.java:147)
at org.testng.internal.TestMethodWorker.invokeTestMethods(TestMethodWorker.java:146)
at org.testng.internal.TestMethodWorker.run(TestMethodWorker.java:128)
at java.util.ArrayList.forEach(ArrayList.java:1257)
at org.testng.TestRunner.privateRun(TestRunner.java:764)
at org.testng.TestRunner.run(TestRunner.java:585)
at org.testng.SuiteRunner.runTest(SuiteRunner.java:384)
at org.testng.SuiteRunner.runSequentially(SuiteRunner.java:378)
at org.testng.SuiteRunner.privateRun(SuiteRunner.java:337)
at org.testng.SuiteRunner.run(SuiteRunner.java:286)
at org.testng.SuiteRunnerWorker.runSuite(SuiteRunnerWorker.java:53)
at org.testng.SuiteRunnerWorker.run(SuiteRunnerWorker.java:96)
at org.testng.TestNG.runSuitesSequentially(TestNG.java:1218)
at org.testng.TestNG.runSuitesLocally(TestNG.java:1140)
at org.testng.TestNG.runSuites(TestNG.java:1069)
at org.testng.TestNG.run(TestNG.java:1037)
at org.testng.remote.AbstractRemoteTestNG.run(AbstractRemoteTestNG.java:115)
at org.testng.remote.RemoteTestNG.initAndRun(RemoteTestNG.java:251)
at org.testng.remote.RemoteTestNG.main(RemoteTestNG.java:77)
]]>
            </full-stacktrace>
          </exception> <!-- java.lang.AssertionError -->
          <reporter-output>
          </reporter-output>
        </test-method> <!-- addWifiSettingPreference0 -->
        <test-method status="PASS" signature="tearDown()[pri:0, instance:AppiumStructure.MavenJava.BasicTests@192d3247]" name="tearDown" is-config="true" duration-ms="959" started-at="2021-02-24T17:02:11 EET" finished-at="2021-02-24T17:02:12 EET">
          <reporter-output>
          </reporter-output>
        </test-method> <!-- tearDown -->
        <test-method status="PASS" signature="setup()[pri:0, instance:AppiumStructure.MavenJava.BasicTests@192d3247]" name="setup" is-config="true" duration-ms="11433" started-at="2021-02-24T17:02:12 EET" finished-at="2021-02-24T17:02:24 EET">
          <reporter-output>
          </reporter-output>
        </test-method> <!-- setup -->
        <test-method status="PASS" signature="addWifiSettingPreference1()[pri:0, instance:AppiumStructure.MavenJava.BasicTests@192d3247]" name="addWifiSettingPreference1" duration-ms="1204" started-at="2021-02-24T17:02:24 EET" finished-at="2021-02-24T17:02:25 EET">
          <reporter-output>
          </reporter-output>
        </test-method> <!-- addWifiSettingPreference1 -->
        <test-method status="PASS" signature="tearDown()[pri:0, instance:AppiumStructure.MavenJava.BasicTests@192d3247]" name="tearDown" is-config="true" duration-ms="975" started-at="2021-02-24T17:02:25 EET" finished-at="2021-02-24T17:02:26 EET">
          <reporter-output>
          </reporter-output>
        </test-method> <!-- tearDown -->
        <test-method status="PASS" signature="setup()[pri:0, instance:AppiumStructure.MavenJava.BasicTests@192d3247]" name="setup" is-config="true" duration-ms="10521" started-at="2021-02-24T17:02:26 EET" finished-at="2021-02-24T17:02:36 EET">
          <reporter-output>
          </reporter-output>
        </test-method> <!-- setup -->
        <test-method status="PASS" signature="addWifiSettingPreference2()[pri:0, instance:AppiumStructure.MavenJava.BasicTests@192d3247]" name="addWifiSettingPreference2" duration-ms="1377" started-at="2021-02-24T17:02:36 EET" finished-at="2021-02-24T17:02:38 EET">
          <reporter-output>
          </reporter-output>
        </test-method> <!-- addWifiSettingPreference2 -->
        <test-method status="PASS" signature="tearDown()[pri:0, instance:AppiumStructure.MavenJava.BasicTests@192d3247]" name="tearDown" is-config="true" duration-ms="1139" started-at="2021-02-24T17:02:38 EET" finished-at="2021-02-24T17:02:39 EET">
          <reporter-output>
          </reporter-output>
        </test-method> <!-- tearDown -->
        <test-method status="PASS" signature="stopAppiumServer()[pri:0, instance:AppiumStructure.MavenJava.BasicTests@192d3247]" name="stopAppiumServer" is-config="true" duration-ms="52" started-at="2021-02-24T17:02:39 EET" finished-at="2021-02-24T17:02:39 EET">
          <reporter-output>
          </reporter-output>
        </test-method> <!-- stopAppiumServer -->
      </class> <!-- AppiumStructure.MavenJava.BasicTests -->
    </test> <!-- Test -->
  </suite> <!-- Suite -->
</testng-results>
